VMCU>>>
        ____________________________________________________ 1
       /   _________________________________________________ ?
      |   /   ______________________________________________ 1 - link_setup_type
      |  |   /   ___________________________________________ X - recv_cnt
      |  |  |   /   ________________________________________ TB = 0 ?
      |  |  |  |   /   _____________________________________ Signature ?
      |  |  |  |  |   /   __________________________________ 
      |  |  |  |  |  |   /
      |  |  |  |  |  |  |
      |  |  |  |  |  |  |     
00 02 01 e2 01 2e e4 f3 12 3a 21 e0 03 90 01 00 
00 02 01 e2 01 2f e4 f3 12 3a 21 e0 03 91 01 00 
00 02 01 e2 01 30 e4 f3 12 3a 21 e0 03 92 01 00 
00 02 01 e2 01 31 e4 f3 12 3a 21 e0 03 93 01 00 
00 02 01 e2 01 32 e4 f3 12 3a 21 e0 03 94 01 00 
00 02 01 e2 01 33 e4 f3 12 3a 21 e0 03 95 01 00 
00 02 01 e2 01 34 e4 f3 12 3a 21 e0 03 96 01 00 
00 02 01 e2 01 35 e4 f3 12 3a 21 e0 03 97 01 00 
00 02 01 e2 01 36 e4 f3 12 3a 21 e0 03 98 01 00 
00 02 01 e2 01 37 e4 f3 12 3a 21 e0 03 99 01 00 
00 02 01 e2 01 38 e4 f3 12 3a 21 e0 03 9a 01 00 
00 02 01 e2 01 39 e4 f3 12 3a 21 e0 03 9b 01 00 
00 02 01 e2 01 3a e4 f3 12 3a 21 e0 03 9c 01 00 
00 02 01 e2 01 3b e4 f3 12 3a 21 e0 03 9d 01 00 
00 02 01 e2 01 3c e4 f3 12 3a 21 e0 03 9e 01 00 
00 02 01 e2 01 3d e4 f3 12 3a 21 e0 03 9f 01 00 
00 02 01 e2 01 3e e4 f3 12 3a 21 e0 03 a0 01 00 
00 02 01 e2 01 3f e4 f3 12 3a 21 e0 03 a1 01 00 


IPC<<<<
        ____________________________________________________ 1
       /   _________________________________________________ 0
      |   /   ______________________________________________ 1 - link_setup_type
      |  |   /   ___________________________________________ X - send_cnt
      |  |  |   /   ________________________________________ 1
      |  |  |  |   /   _____________________________________ 0
      |  |  |  |  |   /   __________________________________ Signature
      |  |  |  |  |  |   /
      |  |  |  |  |  |  |
      |  |  |  |  |  |  |            
00 02 01 04 01 01 01 e4 f3 12 3a 21 e0 03 64 01 00 
00 02 01 04 01 02 01 e4 f3 12 3a 21 e0 03 65 01 00 
00 02 01 04 01 03 01 e4 f3 12 3a 21 e0 03 66 01 00 
00 02 01 04 01 04 01 e4 f3 12 3a 21 e0 03 67 01 00 
00 02 01 04 01 05 01 e4 f3 12 3a 21 e0 03 68 01 00 
00 02 01 04 01 06 01 e4 f3 12 3a 21 e0 03 69 01 00 
00 02 01 04 01 07 01 e4 f3 12 3a 21 e0 03 6a 01 00 
00 02 01 04 01 08 01 e4 f3 12 3a 21 e0 03 6b 01 00 
00 02 01 04 01 09 01 e4 f3 12 3a 21 e0 03 6c 01 00 
00 02 01 04 01 0a 01 e4 f3 12 3a 21 e0 03 6d 01 00 
00 02 01 04 01 0b 01 e4 f3 12 3a 21 e0 03 6e 01 00 
00 02 01 04 01 0c 01 e4 f3 12 3a 21 e0 03 6f 01 00


Signature 557454067 ~~~~ f3 12 3a 21 ~~~~ 213a12f3 


IPC <<< LInk setup response
        ____________________________________________________ 1
       /   _________________________________________________ 0
      |   /   ______________________________________________ 81 - link_setup_response
      |  |   /   ___________________________________________ X - send_cnt
      |  |  |   /   ________________________________________
      |  |  |  |   /   _____________________________________
      |  |  |  |  |   /   __________________________________
      |  |  |  |  |  |   /
      |  |  |  |  |  |  |
00 02 01 e2 81 24 d4 e1 a6 00 
00 02 01 e2 81 24 d4 e1 a6 00 
00 02 01 e2 81 24 d4 e1 a6 00 
00 02 01 e2 81 24 d4 e1 a6 00 
00 02 01 e2 81 24 d4 e1 a6 00 
00 02 01 e2 81 24 d4 e1 a6 00 
00 02 01 e2 81 24 d4 e1 a6 00 
00 02 01 e2 81 24 d4 e1 a6 00 
00 02 01 e2 81 24 d4 e1 a6 00 
00 02 01 e2 81 24 d4 e1 a6 00 
00 02 01 e2 81 24 d4 e1 a6 00 
00 02 01 e2 81 24 d4 e1 a6 00
00 02 01 e2 81 24 d4 e1 a6 00 



VMCU >>> Got a Link Setup Complete 
        ____________________________________________________ 1
       /   _________________________________________________ ?
      |   /   ______________________________________________ 2 - link_setup_complete
      |  |   /   ___________________________________________ X - recv_cnt
      |  |  |   /   ________________________________________ 
      |  |  |  |   /   _____________________________________ 
      |  |  |  |  |   /   __________________________________ 
      |  |  |  |  |  |   /
      |  |  |  |  |  |  |
      |  |  |  |  |  |  |     
00 02 01 e2 02 fc d4 e1 ff 00 

















00 0a 84 12 85 01 6b 3a 01 c2 01 00 
00 07 84 14 86 01 6b 3a 03 c4 01 00
00 0b 20 88 0a 84 dd 8b c3 52 b3 03 00
00 0b 20 88 0a 84 dd 8b c3 52 b3 03 00
00 0b 20 88 0a 84 dd 8b c3 52 b3 03 00
00 0b 20 88 0a 84 dd 8b c3 52 b3 03 00
00 04 12 01 40 e1 53 00
00 04 22 01 80 e1 a3 00
00 03 72 01 e2 08 7b 00
00 07 86 01 80 10 17 01 00
00 07 8a 01 80 10 1b 01 00
00 03 9a 01 e2 02 9d 00
00 0a 84 12 85 01 6b 3a 01 c2 01 00
00 07 84 14 86 01 6b 3a 03 c4 01 00
00 e4 20 8a 40 85 d3 04 a0 0f 02 00
00 e4 20 8a 40 85 d3 04 a0 0f 02 00
00 e4 20 8a 40 85 d3 04 a0 0f 02 00
00 e4 20 8a 40 85 d3 04 a0 0f 02 00
00 04 12 01 40 e1 53 00
00 04 22 01 80 e1 a3 00
00 03 72 01 e2 08 7b 00
00 07 86 01 80 10 17 01 00
00 07 8a 01 80 10 1b 01 00
00 03 9a 01 e2 02 9d 00
00 0a 84 12 85 01 6b 3a 01 c2 01 00
00 07 84 14 86 01 6b 3a 03 c4 01 00
00 0b 20 8c 0a 86 de 8b c3 52 ba 03 00
00 0b 20 8c 0a 86 de 8b c3 52 ba 03 00
00 0b 20 8c 0a 86 de 8b c3 52 ba 03 00
00 0b 20 8c 0a 86 de 8b c3 52 ba 03 00
00 04 12 01 40 e1 53 00
00 04 22 01 80 e1 a3 00
00 03 72 01 e2 08 7b 00
00 07 86 01 80 10 17 01 00
00 07 8a 01 80 10 1b 01 00
00 03 9a 01 e2 02 9d 00
00 0a 84 12 85 01 6b 3a 01 c2 01 00
00 07 84 14 86 01 6b 3a 03 c4 01 00
00 e4 20 8e 40 87 d3 04 a0 15 02 00
00 e4 20 8e 40 87 d3 04 a0 15 02 00
00 e4 20 8e 40 87 d3 04 a0 15 02 00
00 e4 20 8e 40 87 d3 04 a0 15 02 00
00 08 70 ce 0a 88 77 a4 01 02 76 e2 80 01 d6 03 e3 03 00
00 08 70 d0 0a 88 78 a4 01 02 80 e2 80 01 d6 03 f0 03 00
00 08 70 d2 0a 88 79 a4 01 02 81 e2 80 01 d6 03 f4 03 00
00 04 12 01 40 e1 53 00
00 04 22 01 80 e1 a3 00
00 03 72 01 e2 08 7b 00
00 07 86 01 80 10 17 01 00
00 07 8a 01 80 10 1b 01 00
00 03 9a 01 e2 02 9d 00
00 08 70 ce 0a 88 77 a4 01 02 76 e2 80 01 d6 03 e3 03 00
00 08 70 d0 0a 88 78 a4 01 02 80 e2 80 01 d6 03 f0 03 00
00 08 70 d2 0a 88 79 a4 01 02 81 e2 80 01 d6 03 f4 03 00
00 08 70 d4 0a 88 7a a4 01 e5 08 01 80 01 64 e1 40 e0 03 23 04 00
00 08 70 d6 0a 88 7b a4 01 e4 09 01 80 01 d3 e1 0e 03 91 03 00
00 08 70 ce 0a 88 77 a4 01 02 76 e2 80 01 d6 03 e3 03 00
00 08 70 d0 0a 88 78 a4 01 02 80 e2 80 01 d6 03 f0 03 00
00 08 70 d2 0a 88 79 a4 01 02 81 e2 80 01 d6 03 f4 03 00
00 08 70 d4 0a 88 7a a4 01 e5 08 01 80 01 64 e1 40 e0 03 23 04 00
00 08 70 d6 0a 88 7b a4 01 e4 09 01 80 01 d3 e1 0e 03 91 03 00
00 08 70 ce 0a 88 77 a4 01 02 76 e2 80 01 d6 03 e3 03 00
00 08 70 d0 0a 88 78 a4 01 02 80 e2 80 01 d6 03 f0 03 00
00 08 70 d2 0a 88 79 a4 01 02 81 e2 80 01 d6 03 f4 03 00
00 08 70 d8 0a 88 7c a4 01 e4 9a 01 80 01 d6 03 17 04 00
00 08 70 d4 0a 88 7a a4 01 e5 08 01 80 01 64 e1 40 e0 03 23 04 00
00 08 70 d6 0a 88 7b a4 01 e4 09 01 80 01 d3 e1 0e 03 91 03 00
00 08 70 d8 0a 88 7c a4 01 e4 9a 01 80 01 d6 03 17 04 00
00 08 70 d4 0a 88 7a a4 01 e5 08 01 80 01 64 e1 40 e0 03 23 04 00
00 08 70 d6 0a 88 7b a4 01 e4 09 01 80 01 d3 e1 0e 03 91 03 00
00 08 70 d8 0a 88 7c a4 01 e4 9a 01 80 01 d6 03 17 04 00
00 08 70 d8 0a 88 7c a4 01 e4 9a 01 80 01 d6 03 17 04 00
00 0b 20 90 0a 88 df 8b c3 52 c1 03 00
00 0b 20 90 0a 88 df 8b c3 52 c1 03 00
00 0b 20 90 0a 88 df 8b c3 52 c1 03 00
00 0b 20 90 0a 88 df 8b c3 52 c1 03 00
00 04 12 01 40 e1 53 00
00 04 22 01 80 e1 a3 00
00 03 72 01 e2 08 7b 00
00 07 86 01 80 10 17 01 00
00 07 8a 01 80 10 1b 01 00
00 03 9a 01 e2 02 9d 00
00 02 01 04 03 27 02 e1 2d 00
00 02 01 04 03 28 02 e1 2e 00
00 02 01 04 03 29 02 e1 2f 00
00 02 01 04 03 2a 02 e1 30 00
00 02 01 e1 01 01 e4 f3 12 3a 21 e0 03 62 01 00
00 02 01 e2 01 01 e4 f3 12 3a 21 e0 03 63 01 00
00 02 01 e2 01 02 e4 f3 12 3a 21 e0 03 64 01 00
00 02 01 e2 01 03 e4 f3 12 3a 21 e0 03 65 01 00
00 02 01 e2 01 04 e4 f3 12 3a 21 e0 03 66 01 00
00 02 01 e2 01 05 e4 f3 12 3a 21 e0 03 67 01 00
00 02 01 e2 01 06 e4 f3 12 3a 21 e0 03 68 01 00
00 02 01 e2 01 07 e4 f3 12 3a 21 e0 03 69 01 00
00 02 01 e2 01 08 e4 f3 12 3a 21 e0 03 6a 01 00
00 02 01 e2 01 09 e4 f3 12 3a 21 e0 03 6b 01 00
00 02 01 e2 01 0a e4 f3 12 3a 21 e0 03 6c 01 00
00 02 01 e2 01 0b e4 f3 12 3a 21 e0 03 6d 01 00
00 02 01 e2 01 0c e4 f3 12 3a 21 e0 03 6e 01 00
00 02 01 e2 01 0d e4 f3 12 3a 21 e0 03 6f 01 00
00 02 01 e2 01 0e e4 f3 12 3a 21 e0 03 70 01 00
00 02 01 e2 01 0f e4 f3 12 3a 21 e0 03 71 01 00
00 02 01 e2 01 10 e4 f3 12 3a 21 e0 03 72 01 00
00 02 01 e2 01 11 e4 f3 12 3a 21 e0 03 73 01 00
00 02 01 e2 01 12 e4 f3 12 3a 21 e0 03 74 01 00
00 02 01 e2 01 13 e4 f3 12 3a 21 e0 03 75 01 00
00 02 01 e2 01 14 e4 f3 12 3a 21 e0 03 76 01 00
00 02 01 e2 01 15 e4 f3 12 3a 21 e0 03 77 01 00
00 02 01 e2 01 16 e4 f3 12 3a 21 e0 03 78 01 00
00 02 01 e2 01 17 e4 f3 12 3a 21 e0 03 79 01 00
00 02 01 e2 01 18 e4 f3 12 3a 21 e0 03 7a 01 00
00 02 01 e2 01 19 e4 f3 12 3a 21 e0 03 7b 01 00
00 02 01 e2 01 1a e4 f3 12 3a 21 e0 03 7c 01 00
00 02 01 e2 01 1b e4 f3 12 3a 21 e0 03 7d 01 00
00 02 01 e2 01 1c e4 f3 12 3a 21 e0 03 7e 01 00
00 02 01 e2 01 1d e4 f3 12 3a 21 e0 03 7f 01 00
00 02 01 e2 01 1e e4 f3 12 3a 21 e0 03 80 01 00
00 02 01 e2 01 1f e4 f3 12 3a 21 e0 03 81 01 00
00 02 01 e2 01 20 e4 f3 12 3a 21 e0 03 82 01 00
00 02 01 e2 01 21 e4 f3 12 3a 21 e0 03 83 01 00
00 02 01 e2 01 22 e4 f3 12 3a 21 e0 03 84 01 00
00 02 01 e2 01 23 e4 f3 12 3a 21 e0 03 85 01 00
00 02 01 e2 01 24 e4 f3 12 3a 21 e0 03 86 01 00
00 02 01 e2 01 25 e4 f3 12 3a 21 e0 03 87 01 00
00 02 01 e2 01 26 e4 f3 12 3a 21 e0 03 88 01 00
00 02 01 e2 01 27 e4 f3 12 3a 21 e0 03 89 01 00
00 02 01 e2 01 28 e4 f3 12 3a 21 e0 03 8a 01 00
00 02 01 e2 01 29 e4 f3 12 3a 21 e0 03 8b 01 00
00 02 01 e2 01 2a e4 f3 12 3a 21 e0 03 8c 01 00
00 02 01 e2 01 2b e4 f3 12 3a 21 e0 03 8d 01 00
00 02 01 e2 01 2c e4 f3 12 3a 21 e0 03 8e 01 00
00 02 01 e2 01 2d e4 f3 12 3a 21 e0 03 8f 01 00
00 02 01 e2 01 2e e4 f3 12 3a 21 e0 03 90 01 00
00 02 01 e2 01 2f e4 f3 12 3a 21 e0 03 91 01 00
00 02 01 e2 01 30 e4 f3 12 3a 21 e0 03 92 01 00
00 02 01 e2 01 31 e4 f3 12 3a 21 e0 03 93 01 00
00 02 01 e2 01 32 e4 f3 12 3a 21 e0 03 94 01 00
00 02 01 e2 01 33 e4 f3 12 3a 21 e0 03 95 01 00
00 02 01 e2 01 34 e4 f3 12 3a 21 e0 03 96 01 00
00 02 01 e2 01 35 e4 f3 12 3a 21 e0 03 97 01 00
00 02 01 e2 01 36 e4 f3 12 3a 21 e0 03 98 01 00
00 02 01 e2 01 37 e4 f3 12 3a 21 e0 03 99 01 00
00 02 01 e2 01 38 e4 f3 12 3a 21 e0 03 9a 01 00
00 02 01 e2 01 39 e4 f3 12 3a 21 e0 03 9b 01 00
00 02 01 e2 01 3a e4 f3 12 3a 21 e0 03 9c 01 00
00 02 01 e2 01 3b e4 f3 12 3a 21 e0 03 9d 01 00
00 02 01 e2 01 3c e4 f3 12 3a 21 e0 03 9e 01 00
00 02 01 e2 01 3d e4 f3 12 3a 21 e0 03 9f 01 00
00 02 01 e2 01 3e e4 f3 12 3a 21 e0 03 a0 01 00
00 02 01 e2 01 3f e4 f3 12 3a 21 e0 03 a1 01 00
00 02 01 e2 01 40 e4 f3 12 3a 21 e0 03 a2 01 00
00 02 01 e2 01 41 e4 f3 12 3a 21 e0 03 a3 01 00
00 02 01 e2 01 42 e4 f3 12 3a 21 e0 03 a4 01 00
00 02 01 e2 01 43 e4 f3 12 3a 21 e0 03 a5 01 00
00 02 01 e2 01 44 e4 f3 12 3a 21 e0 03 a6 01 00
00 02 01 e2 01 45 e4 f3 12 3a 21 e0 03 a7 01 00
00 02 01 e2 01 46 e4 f3 12 3a 21 e0 03 a8 01 00
00 02 01 e2 01 47 e4 f3 12 3a 21 e0 03 a9 01 00
00 02 01 e2 01 48 e4 f3 12 3a 21 e0 03 aa 01 00
00 02 01 e2 01 49 e4 f3 12 3a 21 e0 03 ab 01 00
00 02 01 e2 01 4a e4 f3 12 3a 21 e0 03 ac 01 00
00 02 01 e2 01 4b e4 f3 12 3a 21 e0 03 ad 01 00
00 02 01 e2 01 4c e4 f3 12 3a 21 e0 03 ae 01 00
00 02 01 e2 01 4d e4 f3 12 3a 21 e0 03 af 01 00
00 02 01 e2 01 4e e4 f3 12 3a 21 e0 03 b0 01 00
00 02 01 e2 01 4f e4 f3 12 3a 21 e0 03 b1 01 00
00 02 01 e2 01 50 e4 f3 12 3a 21 e0 03 b2 01 00
00 02 01 e2 01 51 e4 f3 12 3a 21 e0 03 b3 01 00
00 02 01 e2 01 52 e4 f3 12 3a 21 e0 03 b4 01 00
00 02 01 e2 01 53 e4 f3 12 3a 21 e0 03 b5 01 00
00 02 01 e2 01 54 e4 f3 12 3a 21 e0 03 b6 01 00
00 02 01 e2 01 55 e4 f3 12 3a 21 e0 03 b7 01 00
00 02 01 e2 01 56 e4 f3 12 3a 21 e0 03 b8 01 00
00 02 01 e2 01 57 e4 f3 12 3a 21 e0 03 b9 01 00
00 02 01 e2 01 58 e4 f3 12 3a 21 e0 03 ba 01 00
00 02 01 e2 01 59 e4 f3 12 3a 21 e0 03 bb 01 00
00 02 01 e2 01 5a e4 f3 12 3a 21 e0 03 bc 01 00
00 02 01 e2 01 5b e4 f3 12 3a 21 e0 03 bd 01 00
00 02 01 e2 01 5c e4 f3 12 3a 21 e0 03 be 01 00
00 02 01 e2 01 5d e4 f3 12 3a 21 e0 03 bf 01 00
00 02 01 e2 01 5e e4 f3 12 3a 21 e0 03 c0 01 00
00 02 01 e2 01 5f e4 f3 12 3a 21 e0 03 c1 01 00
00 02 01 e2 01 60 e4 f3 12 3a 21 e0 03 c2 01 00
00 02 01 e2 01 61 e4 f3 12 3a 21 e0 03 c3 01 00
00 02 01 e2 01 62 e4 f3 12 3a 21 e0 03 c4 01 00
00 02 01 e2 01 63 e4 f3 12 3a 21 e0 03 c5 01 00
00 02 01 e2 01 64 e4 f3 12 3a 21 e0 03 c6 01 00
00 02 01 e2 01 65 e4 f3 12 3a 21 e0 03 c7 01 00
00 02 01 e2 01 66 e4 f3 12 3a 21 e0 03 c8 01 00
00 02 01 e2 01 67 e4 f3 12 3a 21 e0 03 c9 01 00
00 02 01 e2 01 68 e4 f3 12 3a 21 e0 03 ca 01 00
00 02 01 e2 01 69 e4 f3 12 3a 21 e0 03 cb 01 00
00 02 01 e2 01 6a e4 f3 12 3a 21 e0 03 cc 01 00
00 02 01 e2 01 6b e4 f3 12 3a 21 e0 03 cd 01 00
00 02 01 e2 01 6c e4 f3 12 3a 21 e0 03 ce 01 00
00 02 01 e2 01 6d e4 f3 12 3a 21 e0 03 cf 01 00
00 02 01 e2 01 6e e4 f3 12 3a 21 e0 03 d0 01 00
00 02 01 e2 01 6f e4 f3 12 3a 21 e0 03 d1 01 00
00 02 01 e2 01 70 e4 f3 12 3a 21 e0 03 d2 01 00
00 02 01 e2 01 71 e4 f3 12 3a 21 e0 03 d3 01 00
00 02 01 e2 01 72 e4 f3 12 3a 21 e0 03 d4 01 00
00 02 01 e2 01 73 e4 f3 12 3a 21 e0 03 d5 01 00
00 02 01 e2 01 74 e4 f3 12 3a 21 e0 03 d6 01 00
00 02 01 e2 01 75 e4 f3 12 3a 21 e0 03 d7 01 00
00 02 01 e2 01 76 e4 f3 12 3a 21 e0 03 d8 01 00
00 02 01 e2 01 77 e4 f3 12 3a 21 e0 03 d9 01 00
00 02 01 e2 01 78 e4 f3 12 3a 21 e0 03 da 01 00
00 02 01 e2 01 79 e4 f3 12 3a 21 e0 03 db 01 00
00 02 01 e2 01 7a e4 f3 12 3a 21 e0 03 dc 01 00
00 02 01 e2 01 7b e4 f3 12 3a 21 e0 03 dd 01 00
00 02 01 e2 01 7c e4 f3 12 3a 21 e0 03 de 01 00
00 02 01 e2 01 7d e4 f3 12 3a 21 e0 03 df 01 00
00 02 01 e2 01 7e e4 f3 12 3a 21 e0 03 e0 01 00
00 02 01 e2 01 7f e4 f3 12 3a 21 e0 03 e1 01 00
00 02 01 e2 01 80 e4 f3 12 3a 21 e0 03 e2 01 00
00 02 01 e2 01 81 e4 f3 12 3a 21 e0 03 e3 01 00
00 02 01 e2 01 82 e4 f3 12 3a 21 e0 03 e4 01 00
00 02 01 e2 01 83 e4 f3 12 3a 21 e0 03 e5 01 00
00 02 01 e2 01 84 e4 f3 12 3a 21 e0 03 e6 01 00
00 02 01 e2 01 85 e4 f3 12 3a 21 e0 03 e7 01 00
00 02 01 e2 01 86 e4 f3 12 3a 21 e0 03 e8 01 00
00 02 01 e2 01 87 e4 f3 12 3a 21 e0 03 e9 01 00
00 02 01 e2 01 88 e4 f3 12 3a 21 e0 03 ea 01 00
00 02 01 e2 01 89 e4 f3 12 3a 21 e0 03 eb 01 00
00 02 01 e2 01 8a e4 f3 12 3a 21 e0 03 ec 01 00
00 02 01 e2 01 8b e4 f3 12 3a 21 e0 03 ed 01 00
00 02 01 e2 01 8c e4 f3 12 3a 21 e0 03 ee 01 00
00 02 01 e2 01 8d e4 f3 12 3a 21 e0 03 ef 01 00
00 02 01 e2 01 8e e4 f3 12 3a 21 e0 03 f0 01 00
00 02 01 e2 01 8f e4 f3 12 3a 21 e0 03 f1 01 00
00 02 01 e2 01 90 e4 f3 12 3a 21 e0 03 f2 01 00
00 02 01 e2 01 91 e4 f3 12 3a 21 e0 03 f3 01 00
00 02 01 e2 01 92 e4 f3 12 3a 21 e0 03 f4 01 00
00 02 01 e2 01 93 e4 f3 12 3a 21 e0 03 f5 01 00
00 02 01 e2 01 94 e4 f3 12 3a 21 e0 03 f6 01 00
00 02 01 e2 01 95 e4 f3 12 3a 21 e0 03 f7 01 00
00 02 01 e2 01 96 e4 f3 12 3a 21 e0 03 f8 01 00
00 02 01 e2 01 97 e4 f3 12 3a 21 e0 03 f9 01 00
00 02 01 e2 01 98 e4 f3 12 3a 21 e0 03 fa 01 00
00 02 01 e2 01 99 e4 f3 12 3a 21 e0 03 fb 01 00
00 02 01 e2 01 9a e4 f3 12 3a 21 e0 03 fc 01 00
00 02 01 e2 01 9b e4 f3 12 3a 21 e0 03 fd 01 00
00 02 01 e2 01 9c e4 f3 12 3a 21 e0 03 fe 01 00
00 02 01 e2 01 9d e4 f3 12 3a 21 e0 03 ff 01 00
00 02 01 e2 01 9e e4 f3 12 3a 21 d3 02 02 00
00 02 01 e2 01 9f e4 f3 12 3a 21 e0 03 01 02 00
00 02 01 e2 01 a0 e4 f3 12 3a 21 e0 03 02 02 00
00 02 01 e2 01 a1 e4 f3 12 3a 21 e0 03 03 02 00
00 02 01 e2 01 a2 e4 f3 12 3a 21 e0 03 04 02 00
00 02 01 e2 01 a3 e4 f3 12 3a 21 e0 03 05 02 00
00 02 01 e2 01 a4 e4 f3 12 3a 21 e0 03 06 02 00
00 02 01 e2 01 a5 e4 f3 12 3a 21 e0 03 07 02 00
00 02 01 e2 01 a6 e4 f3 12 3a 21 e0 03 08 02 00
00 02 01 e2 01 a7 e4 f3 12 3a 21 e0 03 09 02 00
00 02 01 e2 01 a8 e4 f3 12 3a 21 e0 03 0a 02 00
00 02 01 e2 01 a9 e4 f3 12 3a 21 e0 03 0b 02 00
00 02 01 e2 01 aa e4 f3 12 3a 21 e0 03 0c 02 00
00 02 01 e2 01 ab e4 f3 12 3a 21 e0 03 0d 02 00
00 02 01 e2 01 ac e4 f3 12 3a 21 e0 03 0e 02 00
00 02 01 e2 01 ad e4 f3 12 3a 21 e0 03 0f 02 00
00 02 01 e2 01 ae e4 f3 12 3a 21 e0 03 10 02 00
00 02 01 e2 01 af e4 f3 12 3a 21 e0 03 11 02 00
00 02 01 e2 01 b0 e4 f3 12 3a 21 e0 03 12 02 00
00 02 01 e2 01 b1 e4 f3 12 3a 21 e0 03 13 02 00
00 02 01 e2 01 b2 e4 f3 12 3a 21 e0 03 14 02 00
00 02 01 e2 01 b3 e4 f3 12 3a 21 e0 03 15 02 00
00 02 01 e2 01 b4 e4 f3 12 3a 21 e0 03 16 02 00
00 02 01 e2 01 b5 e4 f3 12 3a 21 e0 03 17 02 00
00 02 01 e2 01 b6 e4 f3 12 3a 21 e0 03 18 02 00
00 02 01 e2 01 b7 e4 f3 12 3a 21 e0 03 19 02 00
00 02 01 e2 01 b8 e4 f3 12 3a 21 e0 03 1a 02 00
00 02 01 e2 01 b9 e4 f3 12 3a 21 e0 03 1b 02 00
00 02 01 e2 01 ba e4 f3 12 3a 21 e0 03 1c 02 00
00 02 01 e2 01 bb e4 f3 12 3a 21 e0 03 1d 02 00
00 02 01 e2 01 bc e4 f3 12 3a 21 e0 03 1e 02 00
00 02 01 e2 01 bd e4 f3 12 3a 21 e0 03 1f 02 00
00 02 01 e2 01 be e4 f3 12 3a 21 e0 03 20 02 00
00 02 01 e2 01 bf e4 f3 12 3a 21 e0 03 21 02 00
00 02 01 e2 01 c0 e4 f3 12 3a 21 e0 03 22 02 00
00 02 01 e2 01 c1 e4 f3 12 3a 21 e0 03 23 02 00
00 02 01 e2 01 c2 e4 f3 12 3a 21 e0 03 24 02 00
00 02 01 e2 01 c3 e4 f3 12 3a 21 e0 03 25 02 00
00 02 01 e2 01 c4 e4 f3 12 3a 21 e0 03 26 02 00
00 02 01 e2 01 c5 e4 f3 12 3a 21 e0 03 27 02 00
00 02 01 e2 01 c6 e4 f3 12 3a 21 e0 03 28 02 00
00 02 01 e2 01 c7 e4 f3 12 3a 21 e0 03 29 02 00
00 02 01 e2 01 c8 e4 f3 12 3a 21 e0 03 2a 02 00
00 02 01 e2 01 c9 e4 f3 12 3a 21 e0 03 2b 02 00
00 02 01 e2 01 ca e4 f3 12 3a 21 e0 03 2c 02 00
00 02 01 e2 01 cb e4 f3 12 3a 21 e0 03 2d 02 00
00 02 01 e2 01 cc e4 f3 12 3a 21 e0 03 2e 02 00
00 02 01 e2 01 cd e4 f3 12 3a 21 e0 03 2f 02 00
00 02 01 e2 01 ce e4 f3 12 3a 21 e0 03 30 02 00
00 02 01 e2 01 cf e4 f3 12 3a 21 e0 03 31 02 00
00 02 01 e2 01 d0 e4 f3 12 3a 21 e0 03 32 02 00
00 02 01 e2 01 d1 e4 f3 12 3a 21 e0 03 33 02 00
00 02 01 e2 01 d2 e4 f3 12 3a 21 e0 03 34 02 00
00 02 01 e2 01 d3 e4 f3 12 3a 21 e0 03 35 02 00
00 02 01 e2 01 d4 e4 f3 12 3a 21 e0 03 36 02 00
00 02 01 e2 01 d5 e4 f3 12 3a 21 e0 03 37 02 00
00 02 01 e2 01 d6 e4 f3 12 3a 21 e0 03 38 02 00
00 02 01 e2 01 d7 e4 f3 12 3a 21 e0 03 39 02 00
00 02 01 e2 01 d8 e4 f3 12 3a 21 e0 03 3a 02 00
00 02 01 e2 01 d9 e4 f3 12 3a 21 e0 03 3b 02 00
00 02 01 e2 01 da e4 f3 12 3a 21 e0 03 3c 02 00
00 02 01 e2 01 db e4 f3 12 3a 21 e0 03 3d 02 00
00 02 01 e2 01 dc e4 f3 12 3a 21 e0 03 3e 02 00
00 02 01 e2 01 dd e4 f3 12 3a 21 e0 03 3f 02 00
00 02 01 e2 01 de e4 f3 12 3a 21 e0 03 40 02 00
00 02 01 e2 01 df e4 f3 12 3a 21 e0 03 41 02 00
00 02 01 e2 01 e0 e4 f3 12 3a 21 e0 03 42 02 00
00 02 01 e2 01 e1 e4 f3 12 3a 21 e0 03 43 02 00
00 02 01 e2 01 e2 e4 f3 12 3a 21 e0 03 44 02 00
00 02 01 e2 01 e3 e4 f3 12 3a 21 e0 03 45 02 00
00 02 01 e2 01 e4 e4 f3 12 3a 21 e0 03 46 02 00
00 02 01 e2 01 e5 e4 f3 12 3a 21 e0 03 47 02 00
00 02 01 e2 01 e6 e4 f3 12 3a 21 e0 03 48 02 00
00 02 01 e2 01 e7 e4 f3 12 3a 21 e0 03 49 02 00
00 02 01 e2 01 e8 e4 f3 12 3a 21 e0 03 4a 02 00
00 02 01 e2 01 e9 e4 f3 12 3a 21 e0 03 4b 02 00
00 02 01 e2 01 ea e4 f3 12 3a 21 e0 03 4c 02 00
00 02 01 e2 01 eb e4 f3 12 3a 21 e0 03 4d 02 00
00 02 01 e2 01 ec e4 f3 12 3a 21 e0 03 4e 02 00
00 02 01 e2 01 ed e4 f3 12 3a 21 e0 03 4f 02 00
00 02 01 e2 01 ee e4 f3 12 3a 21 e0 03 50 02 00
00 02 01 e2 01 ef e4 f3 12 3a 21 e0 03 51 02 00
00 02 01 e2 01 f0 e4 f3 12 3a 21 e0 03 52 02 00
00 02 01 e2 01 f1 e4 f3 12 3a 21 e0 03 53 02 00
00 02 01 e2 01 f2 e4 f3 12 3a 21 e0 03 54 02 00
00 02 01 e2 01 f3 e4 f3 12 3a 21 e0 03 55 02 00
00 02 01 e2 01 f4 e4 f3 12 3a 21 e0 03 56 02 00
00 02 01 e2 01 f5 e4 f3 12 3a 21 e0 03 57 02 00
00 02 01 e2 01 f6 e4 f3 12 3a 21 e0 03 58 02 00
00 02 01 e2 01 f7 e4 f3 12 3a 21 e0 03 59 02 00
00 02 01 e2 01 f8 e4 f3 12 3a 21 e0 03 5a 02 00
00 02 01 e2 01 f9 e4 f3 12 3a 21 e0 03 5b 02 00
00 02 01 e2 01 fa e4 f3 12 3a 21 e0 03 5c 02 00
00 02 01 e2 01 fb e4 f3 12 3a 21 e0 03 5d 02 00
00 02 01 e2 01 fc e4 f3 12 3a 21 e0 03 5e 02 00
00 02 01 e2 01 fd e4 f3 12 3a 21 e0 03 5f 02 00
00 02 01 e2 01 fe e4 f3 12 3a 21 e0 03 60 02 00
00 02 01 e2 01 ff e4 f3 12 3a 21 e0 03 61 02 00
00 02 01 e1 01 01 e4 f3 12 3a 21 e0 03 62 01 00
00 02 01 e2 01 01 e4 f3 12 3a 21 e0 03 63 01 00
00 02 01 e2 01 02 e4 f3 12 3a 21 e0 03 64 01 00
00 02 01 e2 01 03 e4 f3 12 3a 21 e0 03 65 01 00
00 02 01 e2 01 04 e4 f3 12 3a 21 e0 03 66 01 00
00 02 01 e2 01 05 e4 f3 12 3a 21 e0 03 67 01 00
00 02 01 e2 01 06 e4 f3 12 3a 21 e0 03 68 01 00
00 02 01 e2 01 07 e4 f3 12 3a 21 e0 03 69 01 00
00 02 01 e2 01 08 e4 f3 12 3a 21 e0 03 6a 01 00
00 02 01 e2 01 09 e4 f3 12 3a 21 e0 03 6b 01 00
00 02 01 e2 01 0a e4 f3 12 3a 21 e0 03 6c 01 00
00 02 01 e2 01 0b e4 f3 12 3a 21 e0 03 6d 01 00
00 02 01 e2 01 0c e4 f3 12 3a 21 e0 03 6e 01 00
00 02 01 e2 01 0d e4 f3 12 3a 21 e0 03 6f 01 00
00 02 01 e2 01 0e e4 f3 12 3a 21 e0 03 70 01 00
00 02 01 e2 01 0f e4 f3 12 3a 21 e0 03 71 01 00
00 02 01 e2 01 10 e4 f3 12 3a 21 e0 03 72 01 00
00 02 01 e2 01 11 e4 f3 12 3a 21 e0 03 73 01 00
00 02 01 e2 01 12 e4 f3 12 3a 21 e0 03 74 01 00
00 02 01 e2 01 13 e4 f3 12 3a 21 e0 03 75 01 00
00 02 01 e2 01 14 e4 f3 12 3a 21 e0 03 76 01 00
00 02 01 e2 01 15 e4 f3 12 3a 21 e0 03 77 01 00
00 02 01 e2 01 16 e4 f3 12 3a 21 e0 03 78 01 00
00 02 01 e2 01 17 e4 f3 12 3a 21 e0 03 79 01 00
00 02 01 e2 01 18 e4 f3 12 3a 21 e0 03 7a 01 00
00 02 01 e2 01 19 e4 f3 12 3a 21 e0 03 7b 01 00
00 02 01 e2 01 1a e4 f3 12 3a 21 e0 03 7c 01 00
00 02 01 e2 01 1b e4 f3 12 3a 21 e0 03 7d 01 00
00 02 01 e2 01 1c e4 f3 12 3a 21 e0 03 7e 01 00
00 02 01 e2 01 1d e4 f3 12 3a 21 e0 03 7f 01 00
00 02 01 e2 01 1e e4 f3 12 3a 21 e0 03 80 01 00
00 02 01 e2 01 1f e4 f3 12 3a 21 e0 03 81 01 00
00 02 01 e2 01 20 e4 f3 12 3a 21 e0 03 82 01 00
00 02 01 e2 01 21 e4 f3 12 3a 21 e0 03 83 01 00
00 02 01 e2 01 22 e4 f3 12 3a 21 e0 03 84 01 00
00 02 01 e2 01 23 e4 f3 12 3a 21 e0 03 85 01 00
00 02 01 e2 01 24 e4 f3 12 3a 21 e0 03 86 01 00
00 02 01 e2 01 25 e4 f3 12 3a 21 e0 03 87 01 00
00 02 01 e2 01 26 e4 f3 12 3a 21 e0 03 88 01 00
00 02 01 e2 01 27 e4 f3 12 3a 21 e0 03 89 01 00
00 02 01 e2 01 28 e4 f3 12 3a 21 e0 03 8a 01 00
00 02 01 e2 01 29 e4 f3 12 3a 21 e0 03 8b 01 00
00 02 01 e2 01 2a e4 f3 12 3a 21 e0 03 8c 01 00
00 02 01 e2 01 2b e4 f3 12 3a 21 e0 03 8d 01 00
00 02 01 e2 01 2c e4 f3 12 3a 21 e0 03 8e 01 00
00 02 01 e2 01 2d e4 f3 12 3a 21 e0 03 8f 01 00
00 02 01 e2 01 2e e4 f3 12 3a 21 e0 03 90 01 00
00 02 01 e2 01 2f e4 f3 12 3a 21 e0 03 91 01 00
00 02 01 e2 01 30 e4 f3 12 3a 21 e0 03 92 01 00
00 02 01 e2 01 31 e4 f3 12 3a 21 e0 03 93 01 00
00 02 01 e2 01 32 e4 f3 12 3a 21 e0 03 94 01 00
00 02 01 e2 01 33 e4 f3 12 3a 21 e0 03 95 01 00
00 02 01 e2 01 34 e4 f3 12 3a 21 e0 03 96 01 00
00 02 01 e2 01 35 e4 f3 12 3a 21 e0 03 97 01 00
00 02 01 e2 01 36 e4 f3 12 3a 21 e0 03 98 01 00
00 02 01 e2 01 37 e4 f3 12 3a 21 e0 03 99 01 00
00 02 01 e2 01 38 e4 f3 12 3a 21 e0 03 9a 01 00
00 02 01 e2 01 39 e4 f3 12 3a 21 e0 03 9b 01 00
00 02 01 e2 01 3a e4 f3 12 3a 21 e0 03 9c 01 00
00 02 01 e2 01 3b e4 f3 12 3a 21 e0 03 9d 01 00
00 02 01 e2 01 3c e4 f3 12 3a 21 e0 03 9e 01 00
00 02 01 e2 01 3d e4 f3 12 3a 21 e0 03 9f 01 00
00 02 01 e2 01 3e e4 f3 12 3a 21 e0 03 a0 01 00
00 02 01 e2 01 3f e4 f3 12 3a 21 e0 03 a1 01 00
00 02 01 e2 01 40 e4 f3 12 3a 21 e0 03 a2 01 00
00 02 01 e2 01 41 e4 f3 12 3a 21 e0 03 a3 01 00
00 02 01 e2 01 42 e4 f3 12 3a 21 e0 03 a4 01 00
00 02 01 e2 01 43 e4 f3 12 3a 21 e0 03 a5 01 00
00 02 01 e2 01 44 e4 f3 12 3a 21 e0 03 a6 01 00
00 02 01 e2 01 45 e4 f3 12 3a 21 e0 03 a7 01 00
00 02 01 e2 01 46 e4 f3 12 3a 21 e0 03 a8 01 00
00 02 01 e2 01 47 e4 f3 12 3a 21 e0 03 a9 01 00
00 02 01 e2 01 48 e4 f3 12 3a 21 e0 03 aa 01 00
00 02 01 e2 01 49 e4 f3 12 3a 21 e0 03 ab 01 00
00 02 01 e2 01 4a e4 f3 12 3a 21 e0 03 ac 01 00
00 02 01 e2 01 4b e4 f3 12 3a 21 e0 03 ad 01 00
00 02 01 e2 01 4c e4 f3 12 3a 21 e0 03 ae 01 00
00 02 01 e2 01 4d e4 f3 12 3a 21 e0 03 af 01 00
00 02 01 e2 01 4e e4 f3 12 3a 21 e0 03 b0 01 00
00 02 01 e2 01 4f e4 f3 12 3a 21 e0 03 b1 01 00
00 02 01 e2 01 50 e4 f3 12 3a 21 e0 03 b2 01 00
00 02 01 e2 01 51 e4 f3 12 3a 21 e0 03 b3 01 00
00 02 01 e2 01 52 e4 f3 12 3a 21 e0 03 b4 01 00
00 02 01 e2 01 53 e4 f3 12 3a 21 e0 03 b5 01 00
00 02 01 e2 01 54 e4 f3 12 3a 21 e0 03 b6 01 00
00 02 01 e2 01 55 e4 f3 12 3a 21 e0 03 b7 01 00
00 02 01 e2 01 56 e4 f3 12 3a 21 e0 03 b8 01 00
00 02 01 e2 01 57 e4 f3 12 3a 21 e0 03 b9 01 00
00 02 01 e2 01 58 e4 f3 12 3a 21 e0 03 ba 01 00
00 02 01 e2 01 59 e4 f3 12 3a 21 e0 03 bb 01 00
00 02 01 e2 01 5a e4 f3 12 3a 21 e0 03 bc 01 00
00 02 01 e2 01 5b e4 f3 12 3a 21 e0 03 bd 01 00
00 02 01 e2 01 5c e4 f3 12 3a 21 e0 03 be 01 00
00 02 01 e2 01 5d e4 f3 12 3a 21 e0 03 bf 01 00
00 02 01 e2 01 5e e4 f3 12 3a 21 e0 03 c0 01 00
00 02 01 e2 01 5f e4 f3 12 3a 21 e0 03 c1 01 00
00 02 01 e2 01 60 e4 f3 12 3a 21 e0 03 c2 01 00
00 02 01 e2 01 61 e4 f3 12 3a 21 e0 03 c3 01 00
00 02 01 e2 01 62 e4 f3 12 3a 21 e0 03 c4 01 00
00 02 01 e2 01 63 e4 f3 12 3a 21 e0 03 c5 01 00
00 02 01 e2 01 64 e4 f3 12 3a 21 e0 03 c6 01 00
00 02 01 e2 01 65 e4 f3 12 3a 21 e0 03 c7 01 00
00 02 01 e2 01 66 e4 f3 12 3a 21 e0 03 c8 01 00
00 02 01 e2 01 67 e4 f3 12 3a 21 e0 03 c9 01 00
00 02 01 e2 01 68 e4 f3 12 3a 21 e0 03 ca 01 00
00 02 01 e2 01 69 e4 f3 12 3a 21 e0 03 cb 01 00
00 02 01 e2 01 6a e4 f3 12 3a 21 e0 03 cc 01 00
00 02 01 e2 01 6b e4 f3 12 3a 21 e0 03 cd 01 00
00 02 01 e2 01 6c e4 f3 12 3a 21 e0 03 ce 01 00
00 02 01 e2 01 6d e4 f3 12 3a 21 e0 03 cf 01 00
00 02 01 e2 01 6e e4 f3 12 3a 21 e0 03 d0 01 00
00 02 01 e2 01 6f e4 f3 12 3a 21 e0 03 d1 01 00
00 02 01 e2 01 70 e4 f3 12 3a 21 e0 03 d2 01 00
00 02 01 e2 01 71 e4 f3 12 3a 21 e0 03 d3 01 00
00 02 01 e2 01 72 e4 f3 12 3a 21 e0 03 d4 01 00
00 02 01 e2 01 73 e4 f3 12 3a 21 e0 03 d5 01 00
00 02 01 e2 01 74 e4 f3 12 3a 21 e0 03 d6 01 00
00 02 01 e2 01 75 e4 f3 12 3a 21 e0 03 d7 01 00
00 02 01 e2 01 76 e4 f3 12 3a 21 e0 03 d8 01 00
00 02 01 e2 01 77 e4 f3 12 3a 21 e0 03 d9 01 00
00 02 01 e2 01 78 e4 f3 12 3a 21 e0 03 da 01 00
00 02 01 e2 01 79 e4 f3 12 3a 21 e0 03 db 01 00
00 02 01 e2 01 7a e4 f3 12 3a 21 e0 03 dc 01 00
00 02 01 e2 01 7b e4 f3 12 3a 21 e0 03 dd 01 00
00 02 01 e2 01 7c e4 f3 12 3a 21 e0 03 de 01 00
00 02 01 e2 01 7d e4 f3 12 3a 21 e0 03 df 01 00
00 02 01 e2 01 7e e4 f3 12 3a 21 e0 03 e0 01 00
00 02 01 e2 01 7f e4 f3 12 3a 21 e0 03 e1 01 00
00 02 01 e2 01 80 e4 f3 12 3a 21 e0 03 e2 01 00
00 02 01 e2 01 81 e4 f3 12 3a 21 e0 03 e3 01 00
00 02 01 e2 01 82 e4 f3 12 3a 21 e0 03 e4 01 00
00 02 01 e2 01 83 e4 f3 12 3a 21 e0 03 e5 01 00
00 02 01 e2 01 84 e4 f3 12 3a 21 e0 03 e6 01 00
00 02 01 e2 01 85 e4 f3 12 3a 21 e0 03 e7 01 00
00 02 01 e2 01 86 e4 f3 12 3a 21 e0 03 e8 01 00
00 02 01 e2 01 87 e4 f3 12 3a 21 e0 03 e9 01 00
00 02 01 e2 01 88 e4 f3 12 3a 21 e0 03 ea 01 00
00 02 01 e2 01 89 e4 f3 12 3a 21 e0 03 eb 01 00
00 02 01 e2 01 8a e4 f3 12 3a 21 e0 03 ec 01 00
00 02 01 e2 01 8b e4 f3 12 3a 21 e0 03 ed 01 00
00 02 01 e2 01 8c e4 f3 12 3a 21 e0 03 ee 01 00
00 02 01 e2 01 8d e4 f3 12 3a 21 e0 03 ef 01 00
00 02 01 e2 01 8e e4 f3 12 3a 21 e0 03 f0 01 00
00 02 01 e2 01 8f e4 f3 12 3a 21 e0 03 f1 01 00
00 02 01 e2 01 90 e4 f3 12 3a 21 e0 03 f2 01 00
00 02 01 e2 01 91 e4 f3 12 3a 21 e0 03 f3 01 00
00 02 01 e2 01 92 e4 f3 12 3a 21 e0 03 f4 01 00
00 02 01 e2 01 93 e4 f3 12 3a 21 e0 03 f5 01 00
00 02 01 e2 01 94 e4 f3 12 3a 21 e0 03 f6 01 00
00 02 01 e2 01 95 e4 f3 12 3a 21 e0 03 f7 01 00
00 02 01 e2 01 96 e4 f3 12 3a 21 e0 03 f8 01 00
00 02 01 e2 01 97 e4 f3 12 3a 21 e0 03 f9 01 00
00 02 01 e2 01 98 e4 f3 12 3a 21 e0 03 fa 01 00
00 02 01 e2 01 99 e4 f3 12 3a 21 e0 03 fb 01 00
00 02 01 e2 01 9a e4 f3 12 3a 21 e0 03 fc 01 00
00 02 01 e2 01 9b e4 f3 12 3a 21 e0 03 fd 01 00
00 02 01 e2 01 9c e4 f3 12 3a 21 e0 03 fe 01 00
00 02 01 e2 01 9d e4 f3 12 3a 21 e0 03 ff 01 00
00 02 01 e2 01 9e e4 f3 12 3a 21 d3 02 02 00
00 02 01 e2 01 9f e4 f3 12 3a 21 e0 03 01 02 00
00 02 01 e2 01 a0 e4 f3 12 3a 21 e0 03 02 02 00
00 02 01 e2 01 a1 e4 f3 12 3a 21 e0 03 03 02 00
00 02 01 e2 01 a2 e4 f3 12 3a 21 e0 03 04 02 00
00 02 01 e2 01 a3 e4 f3 12 3a 21 e0 03 05 02 00
00 02 01 e2 01 a4 e4 f3 12 3a 21 e0 03 06 02 00
00 02 01 e2 01 a5 e4 f3 12 3a 21 e0 03 07 02 00
00 02 01 e2 01 a6 e4 f3 12 3a 21 e0 03 08 02 00
00 02 01 e2 01 a7 e4 f3 12 3a 21 e0 03 09 02 00
00 02 01 e2 01 a8 e4 f3 12 3a 21 e0 03 0a 02 00
00 02 01 e2 01 a9 e4 f3 12 3a 21 e0 03 0b 02 00
00 02 01 e2 01 aa e4 f3 12 3a 21 e0 03 0c 02 00
00 02 01 e2 01 ab e4 f3 12 3a 21 e0 03 0d 02 00
00 02 01 e2 01 ac e4 f3 12 3a 21 e0 03 0e 02 00
00 02 01 e2 01 ad e4 f3 12 3a 21 e0 03 0f 02 00
00 02 01 e2 01 ae e4 f3 12 3a 21 e0 03 10 02 00
00 02 01 e2 01 af e4 f3 12 3a 21 e0 03 11 02 00
00 02 01 e2 01 b0 e4 f3 12 3a 21 e0 03 12 02 00
00 02 01 e2 01 b1 e4 f3 12 3a 21 e0 03 13 02 00
00 02 01 e2 01 b2 e4 f3 12 3a 21 e0 03 14 02 00
00 02 01 e2 01 b3 e4 f3 12 3a 21 e0 03 15 02 00
00 02 01 e2 01 b4 e4 f3 12 3a 21 e0 03 16 02 00
00 02 01 e2 01 b5 e4 f3 12 3a 21 e0 03 17 02 00
00 02 01 e2 01 b6 e4 f3 12 3a 21 e0 03 18 02 00
00 02 01 e2 01 b7 e4 f3 12 3a 21 e0 03 19 02 00
00 02 01 e2 01 b8 e4 f3 12 3a 21 e0 03 1a 02 00
00 02 01 e2 01 b9 e4 f3 12 3a 21 e0 03 1b 02 00
00 02 01 e2 01 ba e4 f3 12 3a 21 e0 03 1c 02 00
00 02 01 e2 01 bb e4 f3 12 3a 21 e0 03 1d 02 00
00 02 01 e2 01 bc e4 f3 12 3a 21 e0 03 1e 02 00
00 02 01 e2 01 bd e4 f3 12 3a 21 e0 03 1f 02 00
00 02 01 e2 01 be e4 f3 12 3a 21 e0 03 20 02 00
00 02 01 e2 01 bf e4 f3 12 3a 21 e0 03 21 02 00
00 02 01 e2 01 c0 e4 f3 12 3a 21 e0 03 22 02 00
00 02 01 e2 01 c1 e4 f3 12 3a 21 e0 03 23 02 00
00 02 01 e2 01 c2 e4 f3 12 3a 21 e0 03 24 02 00
00 02 01 e2 01 c3 e4 f3 12 3a 21 e0 03 25 02 00
00 02 01 e2 01 c4 e4 f3 12 3a 21 e0 03 26 02 00
00 02 01 e2 01 c5 e4 f3 12 3a 21 e0 03 27 02 00
00 02 01 e2 01 c6 e4 f3 12 3a 21 e0 03 28 02 00
00 02 01 e2 01 c7 e4 f3 12 3a 21 e0 03 29 02 00
00 02 01 e2 01 c8 e4 f3 12 3a 21 e0 03 2a 02 00
00 02 01 e2 01 c9 e4 f3 12 3a 21 e0 03 2b 02 00
00 02 01 e2 01 ca e4 f3 12 3a 21 e0 03 2c 02 00
00 02 01 e2 01 cb e4 f3 12 3a 21 e0 03 2d 02 00
00 02 01 e2 01 cc e4 f3 12 3a 21 e0 03 2e 02 00
00 02 01 e2 01 cd e4 f3 12 3a 21 e0 03 2f 02 00
00 02 01 e2 01 ce e4 f3 12 3a 21 e0 03 30 02 00
00 02 01 e2 01 cf e4 f3 12 3a 21 e0 03 31 02 00
00 02 01 e2 01 d0 e4 f3 12 3a 21 e0 03 32 02 00
00 02 01 e2 01 d1 e4 f3 12 3a 21 e0 03 33 02 00
00 02 01 e2 01 d2 e4 f3 12 3a 21 e0 03 34 02 00
00 02 01 e2 01 d3 e4 f3 12 3a 21 e0 03 35 02 00
00 02 01 e2 01 d4 e4 f3 12 3a 21 e0 03 36 02 00
00 02 01 e2 01 d5 e4 f3 12 3a 21 e0 03 37 02 00
00 02 01 e2 01 d6 e4 f3 12 3a 21 e0 03 38 02 00
00 02 01 e2 01 d7 e4 f3 12 3a 21 e0 03 39 02 00
00 02 01 e2 01 d8 e4 f3 12 3a 21 e0 03 3a 02 00
00 02 01 e2 01 d9 e4 f3 12 3a 21 e0 03 3b 02 00
00 02 01 e2 01 da e4 f3 12 3a 21 e0 03 3c 02 00
00 02 01 e2 01 db e4 f3 12 3a 21 e0 03 3d 02 00
00 02 01 e2 01 dc e4 f3 12 3a 21 e0 03 3e 02 00
00 02 01 e2 01 dd e4 f3 12 3a 21 e0 03 3f 02 00
00 02 01 e2 01 de e4 f3 12 3a 21 e0 03 40 02 00
00 02 01 e2 01 df e4 f3 12 3a 21 e0 03 41 02 00
00 02 01 e2 01 e0 e4 f3 12 3a 21 e0 03 42 02 00
00 02 01 e2 01 e1 e4 f3 12 3a 21 e0 03 43 02 00
00 02 01 e2 01 e2 e4 f3 12 3a 21 e0 03 44 02 00
00 02 01 e2 01 e3 e4 f3 12 3a 21 e0 03 45 02 00
00 02 01 e2 01 e4 e4 f3 12 3a 21 e0 03 46 02 00
00 02 01 e2 01 e5 e4 f3 12 3a 21 e0 03 47 02 00
00 02 01 e2 01 e6 e4 f3 12 3a 21 e0 03 48 02 00
00 02 01 e2 01 e7 e4 f3 12 3a 21 e0 03 49 02 00
00 02 01 e2 01 e8 e4 f3 12 3a 21 e0 03 4a 02 00
00 02 01 e2 01 e9 e4 f3 12 3a 21 e0 03 4b 02 00
00 02 01 e2 01 ea e4 f3 12 3a 21 e0 03 4c 02 00
00 02 01 e2 01 eb e4 f3 12 3a 21 e0 03 4d 02 00
00 02 01 e2 01 ec e4 f3 12 3a 21 e0 03 4e 02 00
00 02 01 e2 01 ed e4 f3 12 3a 21 e0 03 4f 02 00
00 02 01 e2 01 ee e4 f3 12 3a 21 e0 03 50 02 00
00 02 01 e2 01 ef e4 f3 12 3a 21 e0 03 51 02 00
00 02 01 e2 01 f0 e4 f3 12 3a 21 e0 03 52 02 00
00 02 01 e2 01 f1 e4 f3 12 3a 21 e0 03 53 02 00
00 02 01 e2 01 f2 e4 f3 12 3a 21 e0 03 54 02 00
00 02 01 e2 01 f3 e4 f3 12 3a 21 e0 03 55 02 00
00 02 01 e2 01 f4 e4 f3 12 3a 21 e0 03 56 02 00
00 02 01 e2 01 f5 e4 f3 12 3a 21 e0 03 57 02 00
00 02 01 e2 01 f6 e4 f3 12 3a 21 e0 03 58 02 00
00 02 01 e2 01 f7 e4 f3 12 3a 21 e0 03 59 02 00
00 02 01 e2 01 f8 e4 f3 12 3a 21 e0 03 5a 02 00
00 02 01 e2 01 f9 e4 f3 12 3a 21 e0 03 5b 02 00
00 02 01 e2 01 fa e4 f3 12 3a 21 e0 03 5c 02 00
00 02 01 e2 01 fb e4 f3 12 3a 21 e0 03 5d 02 00
00 02 01 e2 01 fc e4 f3 12 3a 21 e0 03 5e 02 00
00 02 01 e2 01 fd e4 f3 12 3a 21 e0 03 5f 02 00
00 02 01 e2 01 fe e4 f3 12 3a 21 e0 03 60 02 00
00 02 01 e2 01 ff e4 f3 12 3a 21 e0 03 61 02 00
00 02 01 e1 01 01 e4 f3 12 3a 21 e0 03 62 01 00
00 02 01 e2 01 01 e4 f3 12 3a 21 e0 03 63 01 00
00 02 01 e2 01 02 e4 f3 12 3a 21 e0 03 64 01 00
00 02 01 e2 01 03 e4 f3 12 3a 21 e0 03 65 01 00
00 02 01 e2 01 04 e4 f3 12 3a 21 e0 03 66 01 00
00 02 01 e2 01 05 e4 f3 12 3a 21 e0 03 67 01 00
00 02 01 e2 01 06 e4 f3 12 3a 21 e0 03 68 01 00
00 02 01 e2 01 07 e4 f3 12 3a 21 e0 03 69 01 00
00 02 01 e2 01 08 e4 f3 12 3a 21 e0 03 6a 01 00
00 02 01 e2 01 09 e4 f3 12 3a 21 e0 03 6b 01 00